\BOOKMARK [0][-]{chapter.1}{Introduction}{}% 1
\BOOKMARK [1][-]{section.1.1}{What is gr-cdma}{chapter.1}% 2
\BOOKMARK [1][-]{section.1.2}{What is GNURadio}{chapter.1}% 3
\BOOKMARK [1][-]{section.1.3}{What is the Current State of gr-cdma}{chapter.1}% 4
\BOOKMARK [0][-]{chapter.2}{Working Strategy of gr-cdma}{}% 5
\BOOKMARK [1][-]{section.2.1}{The diagram of The Tx \046 Rx}{chapter.2}% 6
\BOOKMARK [1][-]{section.2.2}{Transmitter}{chapter.2}% 7
\BOOKMARK [2][-]{subsection.2.2.1}{Spreading Code}{section.2.2}% 8
\BOOKMARK [3][-]{subsubsection.2.2.1.1}{M-Sequence}{subsection.2.2.1}% 9
\BOOKMARK [3][-]{subsubsection.2.2.1.2}{Gold Sequence}{subsection.2.2.1}% 10
\BOOKMARK [3][-]{subsubsection.2.2.1.3}{Spreading Seuquence used in gr-cdma}{subsection.2.2.1}% 11
\BOOKMARK [2][-]{subsection.2.2.2}{Packet Structure}{section.2.2}% 12
\BOOKMARK [2][-]{subsection.2.2.3}{Power Control}{section.2.2}% 13
\BOOKMARK [2][-]{subsection.2.2.4}{Multi-Sampling and Pulse Shaping}{section.2.2}% 14
\BOOKMARK [1][-]{section.2.3}{Receiver}{chapter.2}% 15
\BOOKMARK [2][-]{subsection.2.3.1}{Frequency and Timing Estimator}{section.2.3}% 16
\BOOKMARK [3][-]{subsubsection.2.3.1.1}{Timing Information}{subsection.2.3.1}% 17
\BOOKMARK [3][-]{subsubsection.2.3.1.2}{Frequency Information}{subsection.2.3.1}% 18
\BOOKMARK [3][-]{subsubsection.2.3.1.3}{Structure for Joint Estimator}{subsection.2.3.1}% 19
\BOOKMARK [2][-]{subsection.2.3.2}{De-spreading}{section.2.3}% 20
\BOOKMARK [2][-]{subsection.2.3.3}{Packet Parser}{section.2.3}% 21
\BOOKMARK [2][-]{subsection.2.3.4}{Error Calculator}{section.2.3}% 22
\BOOKMARK [0][-]{chapter.3}{Mathematic Bases}{}% 23
\BOOKMARK [1][-]{section.3.1}{Introduction}{chapter.3}% 24
\BOOKMARK [1][-]{section.3.2}{Frequency and TIming Trade-off in Estimation}{chapter.3}% 25
\BOOKMARK [2][-]{subsection.3.2.1}{Mathematical Model}{section.3.2}% 26
\BOOKMARK [3][-]{subsubsection.3.2.1.1}{f = 0 and t0 = 0}{subsection.3.2.1}% 27
\BOOKMARK [3][-]{subsubsection.3.2.1.2}{f = 0, t0 = ?}{subsection.3.2.1}% 28
\BOOKMARK [3][-]{subsubsection.3.2.1.3}{t0 = 0, but f = ?}{subsection.3.2.1}% 29
\BOOKMARK [1][-]{section.3.3}{Input Signal of Peak Detector}{chapter.3}% 30
\BOOKMARK [2][-]{subsection.3.3.1}{Mathematical Model}{section.3.3}% 31
\BOOKMARK [3][-]{subsubsection.3.3.1.1}{Description of Variables}{subsection.3.3.1}% 32
\BOOKMARK [3][-]{subsubsection.3.3.1.2}{Description of Output of Matched Filter}{subsection.3.3.1}% 33
\BOOKMARK [4][-]{paragraph.3.3.1.2.1}{Perfectly Aligned}{subsubsection.3.3.1.2}% 34
\BOOKMARK [4][-]{paragraph.3.3.1.2.2}{Chip-level Aligned}{subsubsection.3.3.1.2}% 35
\BOOKMARK [4][-]{paragraph.3.3.1.2.3}{Totally Misaligned}{subsubsection.3.3.1.2}% 36
\BOOKMARK [3][-]{subsubsection.3.3.1.3}{Ideal Situation}{subsection.3.3.1}% 37
